<?xml version="1.0" encoding="UTF-8"?>
<coverage generated="1783092833201" clover="3.2.0">
  <project timestamp="1783092833201" name="All files">
    <metrics statements="35" coveredstatements="35" conditionals="14" coveredconditionals="9" methods="13" coveredmethods="13" elements="62" coveredelements="57" complexity="0" loc="35" ncloc="35" packages="1" files="3" classes="3"/>
    <file name="markdown-parser.ts" path="/Users/abu/projects/tooling/markdown-slide-prese/src/lib/markdown-parser.ts">
      <metrics statements="13" coveredstatements="13" conditionals="6" coveredconditionals="5" methods="5" coveredmethods="5"/>
      <line num="8" count="35" type="stmt"/>
      <line num="9" count="35" type="stmt"/>
      <line num="10" count="372" type="stmt"/>
      <line num="11" count="372" type="stmt"/>
      <line num="12" count="372" type="stmt"/>
      <line num="14" count="35" type="stmt"/>
      <line num="18" count="24" type="cond" truecount="4" falsecount="0"/>
      <line num="19" count="3" type="stmt"/>
      <line num="22" count="21" type="stmt"/>
      <line num="24" count="38" type="stmt"/>
      <line num="25" count="38" type="stmt"/>
      <line num="26" count="35" type="stmt"/>
      <line num="32" count="21" type="cond" truecount="1" falsecount="1"/>
    </file>
    <file name="themes.ts" path="/Users/abu/projects/tooling/markdown-slide-prese/src/lib/themes.ts">
      <metrics statements="21" coveredstatements="21" conditionals="8" coveredconditionals="4" methods="7" coveredmethods="7"/>
      <line num="34" count="1" type="stmt"/>
      <line num="230" count="5" type="stmt"/>
      <line num="231" count="5" type="stmt"/>
      <line num="232" count="95" type="stmt"/>
      <line num="233" count="95" type="stmt"/>
      <line num="236" count="5" type="stmt"/>
      <line num="237" count="5" type="stmt"/>
      <line num="238" count="5" type="stmt"/>
      <line num="242" count="48" type="stmt"/>
      <line num="246" count="4" type="stmt"/>
      <line num="248" count="4" type="stmt"/>
      <line num="249" count="24" type="stmt"/>
      <line num="250" count="72" type="stmt"/>
      <line num="251" count="72" type="cond" truecount="1" falsecount="1"/>
      <line num="254" count="24" type="stmt"/>
      <line num="255" count="24" type="stmt"/>
      <line num="256" count="24" type="stmt"/>
      <line num="258" count="24" type="cond" truecount="1" falsecount="1"/>
      <line num="259" count="24" type="cond" truecount="1" falsecount="1"/>
      <line num="260" count="24" type="cond" truecount="1" falsecount="1"/>
      <line num="263" count="4" type="stmt"/>
    </file>
    <file name="utils.ts" path="/Users/abu/projects/tooling/markdown-slide-prese/src/lib/utils.ts">
      <metrics statements="1" coveredstatements="1" conditionals="0" coveredconditionals="0" methods="1" coveredmethods="1"/>
      <line num="5" count="6" type="stmt"/>
    </file>
  </project>
</coverage>
