{"/Users/abu/projects/tooling/markdown-slide-prese/src/lib/markdown-parser.ts": {"path":"/Users/abu/projects/tooling/markdown-slide-prese/src/lib/markdown-parser.ts","statementMap":{"0":{"start":{"line":8,"column":13},"end":{"line":8,"column":null}},"1":{"start":{"line":9,"column":2},"end":{"line":13,"column":null}},"2":{"start":{"line":9,"column":15},"end":{"line":9,"column":18}},"3":{"start":{"line":10,"column":17},"end":{"line":10,"column":null}},"4":{"start":{"line":11,"column":4},"end":{"line":11,"column":null}},"5":{"start":{"line":12,"column":4},"end":{"line":12,"column":null}},"6":{"start":{"line":14,"column":2},"end":{"line":14,"column":null}},"7":{"start":{"line":18,"column":2},"end":{"line":20,"column":null}},"8":{"start":{"line":19,"column":4},"end":{"line":19,"column":null}},"9":{"start":{"line":22,"column":17},"end":{"line":30,"column":null}},"10":{"start":{"line":24,"column":27},"end":{"line":24,"column":46}},"11":{"start":{"line":25,"column":23},"end":{"line":25,"column":41}},"12":{"start":{"line":26,"column":30},"end":{"line":30,"column":6}},"13":{"start":{"line":32,"column":2},"end":{"line":32,"column":null}}},"fnMap":{"0":{"name":"hashContent","decl":{"start":{"line":7,"column":9},"end":{"line":7,"column":21}},"loc":{"start":{"line":7,"column":46},"end":{"line":15,"column":null}},"line":7},"1":{"name":"parseMarkdownToSlides","decl":{"start":{"line":17,"column":16},"end":{"line":17,"column":38}},"loc":{"start":{"line":17,"column":65},"end":{"line":33,"column":null}},"line":17},"2":{"name":"(anonymous_2)","decl":{"start":{"line":24,"column":9},"end":{"line":24,"column":10}},"loc":{"start":{"line":24,"column":27},"end":{"line":24,"column":46}},"line":24},"3":{"name":"(anonymous_3)","decl":{"start":{"line":25,"column":12},"end":{"line":25,"column":23}},"loc":{"start":{"line":25,"column":23},"end":{"line":25,"column":41}},"line":25},"4":{"name":"(anonymous_4)","decl":{"start":{"line":26,"column":9},"end":{"line":26,"column":10}},"loc":{"start":{"line":26,"column":30},"end":{"line":30,"column":6}},"line":26}},"branchMap":{"0":{"loc":{"start":{"line":18,"column":2},"end":{"line":20,"column":null}},"type":"if","locations":[{"start":{"line":18,"column":2},"end":{"line":20,"column":null}},{"start":{},"end":{}}],"line":18},"1":{"loc":{"start":{"line":18,"column":6},"end":{"line":18,"column":49}},"type":"binary-expr","locations":[{"start":{"line":18,"column":6},"end":{"line":18,"column":19}},{"start":{"line":18,"column":19},"end":{"line":18,"column":49}}],"line":18},"2":{"loc":{"start":{"line":32,"column":9},"end":{"line":32,"column":null}},"type":"cond-expr","locations":[{"start":{"line":32,"column":29},"end":{"line":32,"column":38}},{"start":{"line":32,"column":38},"end":{"line":32,"column":null}}],"line":32}},"s":{"0":35,"1":35,"2":35,"3":372,"4":372,"5":372,"6":35,"7":24,"8":3,"9":21,"10":38,"11":38,"12":35,"13":21},"f":{"0":35,"1":24,"2":38,"3":38,"4":35},"b":{"0":[3,21],"1":[24,22],"2":[21,0]},"meta":{"lastBranch":3,"lastFunction":5,"lastStatement":14,"seen":{"f:7:9:7:21":0,"s:8:13:8:Infinity":0,"s:9:2:13:Infinity":1,"s:9:15:9:18":2,"s:10:17:10:Infinity":3,"s:11:4:11:Infinity":4,"s:12:4:12:Infinity":5,"s:14:2:14:Infinity":6,"f:17:16:17:38":1,"b:18:2:20:Infinity:undefined:undefined:undefined:undefined":0,"s:18:2:20:Infinity":7,"b:18:6:18:19:18:19:18:49":1,"s:19:4:19:Infinity":8,"s:22:17:30:Infinity":9,"f:24:9:24:10":2,"s:24:27:24:46":10,"f:25:12:25:23":3,"s:25:23:25:41":11,"f:26:9:26:10":4,"s:26:30:30:6":12,"s:32:2:32:Infinity":13,"b:32:29:32:38:32:38:32:Infinity":2},"fnNames":{}}}
,"/Users/abu/projects/tooling/markdown-slide-prese/src/lib/themes.ts": {"path":"/Users/abu/projects/tooling/markdown-slide-prese/src/lib/themes.ts","statementMap":{"0":{"start":{"line":34,"column":31},"end":{"line":227,"column":null}},"1":{"start":{"line":230,"column":15},"end":{"line":230,"column":null}},"2":{"start":{"line":231,"column":2},"end":{"line":234,"column":null}},"3":{"start":{"line":232,"column":23},"end":{"line":232,"column":null}},"4":{"start":{"line":233,"column":4},"end":{"line":233,"column":null}},"5":{"start":{"line":236,"column":2},"end":{"line":236,"column":null}},"6":{"start":{"line":237,"column":2},"end":{"line":237,"column":null}},"7":{"start":{"line":238,"column":2},"end":{"line":238,"column":null}},"8":{"start":{"line":242,"column":2},"end":{"line":242,"column":null}},"9":{"start":{"line":242,"column":30},"end":{"line":242,"column":49}},"10":{"start":{"line":246,"column":19},"end":{"line":246,"column":null}},"11":{"start":{"line":248,"column":2},"end":{"line":261,"column":null}},"12":{"start":{"line":249,"column":28},"end":{"line":252,"column":null}},"13":{"start":{"line":250,"column":20},"end":{"line":250,"column":null}},"14":{"start":{"line":251,"column":6},"end":{"line":251,"column":null}},"15":{"start":{"line":254,"column":20},"end":{"line":254,"column":null}},"16":{"start":{"line":255,"column":17},"end":{"line":255,"column":null}},"17":{"start":{"line":256,"column":17},"end":{"line":256,"column":null}},"18":{"start":{"line":258,"column":4},"end":{"line":258,"column":null}},"19":{"start":{"line":258,"column":17},"end":{"line":258,"column":null}},"20":{"start":{"line":259,"column":4},"end":{"line":259,"column":null}},"21":{"start":{"line":259,"column":14},"end":{"line":259,"column":null}},"22":{"start":{"line":260,"column":4},"end":{"line":260,"column":null}},"23":{"start":{"line":260,"column":14},"end":{"line":260,"column":null}},"24":{"start":{"line":263,"column":2},"end":{"line":263,"column":null}}},"fnMap":{"0":{"name":"applyTheme","decl":{"start":{"line":229,"column":16},"end":{"line":229,"column":27}},"loc":{"start":{"line":229,"column":41},"end":{"line":239,"column":null}},"line":229},"1":{"name":"(anonymous_1)","decl":{"start":{"line":231,"column":39},"end":{"line":231,"column":40}},"loc":{"start":{"line":231,"column":57},"end":{"line":234,"column":3}},"line":231},"2":{"name":"getThemeByName","decl":{"start":{"line":241,"column":16},"end":{"line":241,"column":31}},"loc":{"start":{"line":241,"column":64},"end":{"line":243,"column":null}},"line":241},"3":{"name":"(anonymous_3)","decl":{"start":{"line":242,"column":21},"end":{"line":242,"column":30}},"loc":{"start":{"line":242,"column":30},"end":{"line":242,"column":49}},"line":242},"4":{"name":"getAllFonts","decl":{"start":{"line":245,"column":16},"end":{"line":245,"column":40}},"loc":{"start":{"line":245,"column":40},"end":{"line":264,"column":null}},"line":245},"5":{"name":"(anonymous_5)","decl":{"start":{"line":248,"column":17},"end":{"line":248,"column":26}},"loc":{"start":{"line":248,"column":26},"end":{"line":261,"column":3}},"line":248},"6":{"name":"(anonymous_6)","decl":{"start":{"line":249,"column":28},"end":{"line":249,"column":29}},"loc":{"start":{"line":249,"column":52},"end":{"line":252,"column":null}},"line":249}},"branchMap":{"0":{"loc":{"start":{"line":251,"column":13},"end":{"line":251,"column":null}},"type":"cond-expr","locations":[{"start":{"line":251,"column":21},"end":{"line":251,"column":32}},{"start":{"line":251,"column":32},"end":{"line":251,"column":null}}],"line":251},"1":{"loc":{"start":{"line":258,"column":4},"end":{"line":258,"column":null}},"type":"if","locations":[{"start":{"line":258,"column":4},"end":{"line":258,"column":null}},{"start":{},"end":{}}],"line":258},"2":{"loc":{"start":{"line":259,"column":4},"end":{"line":259,"column":null}},"type":"if","locations":[{"start":{"line":259,"column":4},"end":{"line":259,"column":null}},{"start":{},"end":{}}],"line":259},"3":{"loc":{"start":{"line":260,"column":4},"end":{"line":260,"column":null}},"type":"if","locations":[{"start":{"line":260,"column":4},"end":{"line":260,"column":null}},{"start":{},"end":{}}],"line":260}},"s":{"0":1,"1":5,"2":5,"3":95,"4":95,"5":5,"6":5,"7":5,"8":14,"9":48,"10":4,"11":4,"12":24,"13":72,"14":72,"15":24,"16":24,"17":24,"18":24,"19":24,"20":24,"21":24,"22":24,"23":24,"24":4},"f":{"0":5,"1":95,"2":14,"3":48,"4":4,"5":24,"6":72},"b":{"0":[72,0],"1":[24,0],"2":[24,0],"3":[24,0]},"meta":{"lastBranch":4,"lastFunction":7,"lastStatement":25,"seen":{"s:34:31:227:Infinity":0,"f:229:16:229:27":0,"s:230:15:230:Infinity":1,"s:231:2:234:Infinity":2,"f:231:39:231:40":1,"s:232:23:232:Infinity":3,"s:233:4:233:Infinity":4,"s:236:2:236:Infinity":5,"s:237:2:237:Infinity":6,"s:238:2:238:Infinity":7,"f:241:16:241:31":2,"s:242:2:242:Infinity":8,"f:242:21:242:30":3,"s:242:30:242:49":9,"f:245:16:245:40":4,"s:246:19:246:Infinity":10,"s:248:2:261:Infinity":11,"f:248:17:248:26":5,"s:249:28:252:Infinity":12,"f:249:28:249:29":6,"s:250:20:250:Infinity":13,"s:251:6:251:Infinity":14,"b:251:21:251:32:251:32:251:Infinity":0,"s:254:20:254:Infinity":15,"s:255:17:255:Infinity":16,"s:256:17:256:Infinity":17,"b:258:4:258:Infinity:undefined:undefined:undefined:undefined":1,"s:258:4:258:Infinity":18,"s:258:17:258:Infinity":19,"b:259:4:259:Infinity:undefined:undefined:undefined:undefined":2,"s:259:4:259:Infinity":20,"s:259:14:259:Infinity":21,"b:260:4:260:Infinity:undefined:undefined:undefined:undefined":3,"s:260:4:260:Infinity":22,"s:260:14:260:Infinity":23,"s:263:2:263:Infinity":24},"fnNames":{}}}
,"/Users/abu/projects/tooling/markdown-slide-prese/src/lib/utils.ts": {"path":"/Users/abu/projects/tooling/markdown-slide-prese/src/lib/utils.ts","statementMap":{"0":{"start":{"line":5,"column":2},"end":{"line":5,"column":null}}},"fnMap":{"0":{"name":"cn","decl":{"start":{"line":4,"column":16},"end":{"line":4,"column":22}},"loc":{"start":{"line":4,"column":44},"end":{"line":6,"column":null}},"line":4}},"branchMap":{},"s":{"0":6},"f":{"0":6},"b":{},"meta":{"lastBranch":0,"lastFunction":1,"lastStatement":1,"seen":{"f:4:16:4:22":0,"s:5:2:5:Infinity":0},"fnNames":{}}}
}
